<?xml version="1.0" encoding="UTF-8"?>
<testng-results skipped="0" failed="0" ignored="0" total="1" passed="1">
  <reporter-output>
  </reporter-output>
  <suite name="Default suite" duration-ms="28031" started-at="2020-08-23T23:07:52 EDT" finished-at="2020-08-23T23:08:20 EDT">
    <groups>
    </groups>
    <test name="Default test" duration-ms="28031" started-at="2020-08-23T23:07:52 EDT" finished-at="2020-08-23T23:08:20 EDT">
      <class name="com.training.sanity.tests.RETC_009">
        <test-method status="PASS" signature="setUpBeforeClass()[pri:0, instance:com.training.sanity.tests.RETC_009@5e853265]" name="setUpBeforeClass" is-config="true" duration-ms="20" started-at="2020-08-23T23:07:52 EDT" finished-at="2020-08-23T23:07:52 EDT">
          <reporter-output>
          </reporter-output>
        </test-method> <!-- setUpBeforeClass -->
        <test-method status="PASS" signature="setUp()[pri:0, instance:com.training.sanity.tests.RETC_009@5e853265]" name="setUp" is-config="true" duration-ms="13939" started-at="2020-08-23T23:07:52 EDT" finished-at="2020-08-23T23:08:06 EDT">
          <reporter-output>
          </reporter-output>
        </test-method> <!-- setUp -->
        <test-method status="PASS" signature="validLaunch()[pri:0, instance:com.training.sanity.tests.RETC_009@5e853265]" name="validLaunch" duration-ms="13001" started-at="2020-08-23T23:08:06 EDT" finished-at="2020-08-23T23:08:19 EDT">
          <reporter-output>
          </reporter-output>
        </test-method> <!-- validLaunch -->
        <test-method status="PASS" signature="tearDown()[pri:0, instance:com.training.sanity.tests.RETC_009@5e853265]" name="tearDown" is-config="true" duration-ms="1001" started-at="2020-08-23T23:08:19 EDT" finished-at="2020-08-23T23:08:20 EDT">
          <reporter-output>
          </reporter-output>
        </test-method> <!-- tearDown -->
      </class> <!-- com.training.sanity.tests.RETC_009 -->
    </test> <!-- Default test -->
  </suite> <!-- Default suite -->
</testng-results>
